[19:42:30] [Server thread/INFO]: Starting minecraft server version 1.9
[19:42:30] [Server thread/INFO]: Loading properties
[19:42:30] [Server thread/INFO]: Default game type: SURVIVAL
[19:42:30] [Server thread/INFO]: This server is running CraftBukkit version git-Spigot-104c8c8-00d3334 (MC: 1.9) (Implementing API version 1.9-R0.1-SNAPSHOT)
[19:42:30] [Server thread/INFO]: Debug logging is disabled
[19:42:30] [Server thread/INFO]: Server Ping Player Sample Count: 12
[19:42:30] [Server thread/INFO]: Using 4 threads for Netty based IO
[19:42:30] [Server thread/INFO]: Generating keypair
[19:42:30] [Server thread/INFO]: Starting Minecraft server on *:25565
[19:42:30] [Server thread/INFO]: Using default channel type
[19:42:30] [Server thread/INFO]: Set PluginClassLoader as parallel capable
[19:42:30] [Server thread/INFO]: [BackPacks-1.9] Loading BackPacks-1.9 v1.2.1
[19:42:30] [Server thread/INFO]: **** Beginning UUID conversion, this may take A LONG time ****
[19:42:31] [Server thread/INFO]: Preparing level "world"
[19:42:31] [Server thread/INFO]: -------- World Settings For [world] --------
[19:42:31] [Server thread/INFO]: Item Despawn Rate: 6000
[19:42:31] [Server thread/INFO]: Item Merge Radius: 2.5
[19:42:31] [Server thread/INFO]: Arrow Despawn Rate: 1200
[19:42:31] [Server thread/INFO]: Allow Zombie Pigmen to spawn from portal blocks: true
[19:42:31] [Server thread/INFO]: View Distance: 10
[19:42:31] [Server thread/INFO]: Zombie Aggressive Towards Villager: true
[19:42:31] [Server thread/INFO]: Experience Merge Radius: 3.0
[19:42:31] [Server thread/INFO]: Entity Activation Range: An 32 / Mo 32 / Mi 16
[19:42:31] [Server thread/INFO]: Nerfing mobs spawned from spawners: false
[19:42:31] [Server thread/INFO]: Cactus Growth Modifier: 100%
[19:42:31] [Server thread/INFO]: Cane Growth Modifier: 100%
[19:42:31] [Server thread/INFO]: Melon Growth Modifier: 100%
[19:42:31] [Server thread/INFO]: Mushroom Growth Modifier: 100%
[19:42:31] [Server thread/INFO]: Pumpkin Growth Modifier: 100%
[19:42:31] [Server thread/INFO]: Sapling Growth Modifier: 100%
[19:42:31] [Server thread/INFO]: Wheat Growth Modifier: 100%
[19:42:31] [Server thread/INFO]: NetherWart Growth Modifier: 100%
[19:42:31] [Server thread/INFO]: Max Entity Collisions: 8
[19:42:31] [Server thread/INFO]: Custom Map Seeds:  Village: 10387312 Feature: 14357617
[19:42:31] [Server thread/INFO]: Entity Tracking Range: Pl 48 / An 48 / Mo 48 / Mi 32 / Other 64
[19:42:31] [Server thread/INFO]: Mob Spawn Range: 4
[19:42:31] [Server thread/INFO]: Max TNT Explosions: 100
[19:42:31] [Server thread/INFO]: Tile Max Tick Time: 50ms Entity max Tick Time: 50ms
[19:42:31] [Server thread/INFO]: Random Lighting Updates: false
[19:42:31] [Server thread/INFO]: Hopper Transfer: 8 Hopper Check: 8 Hopper Amount: 1
[19:42:31] [Server thread/INFO]: Structure Info Saving: true
[19:42:31] [Server thread/INFO]: -------- World Settings For [world_nether] --------
[19:42:31] [Server thread/INFO]: Item Despawn Rate: 6000
[19:42:31] [Server thread/INFO]: Item Merge Radius: 2.5
[19:42:31] [Server thread/INFO]: Arrow Despawn Rate: 1200
[19:42:31] [Server thread/INFO]: Allow Zombie Pigmen to spawn from portal blocks: true
[19:42:31] [Server thread/INFO]: View Distance: 10
[19:42:31] [Server thread/INFO]: Zombie Aggressive Towards Villager: true
[19:42:31] [Server thread/INFO]: Experience Merge Radius: 3.0
[19:42:31] [Server thread/INFO]: Entity Activation Range: An 32 / Mo 32 / Mi 16
[19:42:31] [Server thread/INFO]: Nerfing mobs spawned from spawners: false
[19:42:31] [Server thread/INFO]: Cactus Growth Modifier: 100%
[19:42:31] [Server thread/INFO]: Cane Growth Modifier: 100%
[19:42:31] [Server thread/INFO]: Melon Growth Modifier: 100%
[19:42:31] [Server thread/INFO]: Mushroom Growth Modifier: 100%
[19:42:31] [Server thread/INFO]: Pumpkin Growth Modifier: 100%
[19:42:31] [Server thread/INFO]: Sapling Growth Modifier: 100%
[19:42:31] [Server thread/INFO]: Wheat Growth Modifier: 100%
[19:42:31] [Server thread/INFO]: NetherWart Growth Modifier: 100%
[19:42:31] [Server thread/INFO]: Max Entity Collisions: 8
[19:42:31] [Server thread/INFO]: Custom Map Seeds:  Village: 10387312 Feature: 14357617
[19:42:31] [Server thread/INFO]: Entity Tracking Range: Pl 48 / An 48 / Mo 48 / Mi 32 / Other 64
[19:42:31] [Server thread/INFO]: Mob Spawn Range: 4
[19:42:31] [Server thread/INFO]: Max TNT Explosions: 100
[19:42:31] [Server thread/INFO]: Tile Max Tick Time: 50ms Entity max Tick Time: 50ms
[19:42:31] [Server thread/INFO]: Random Lighting Updates: false
[19:42:31] [Server thread/INFO]: Hopper Transfer: 8 Hopper Check: 8 Hopper Amount: 1
[19:42:31] [Server thread/INFO]: Structure Info Saving: true
[19:42:31] [Server thread/INFO]: -------- World Settings For [world_the_end] --------
[19:42:31] [Server thread/INFO]: Item Despawn Rate: 6000
[19:42:31] [Server thread/INFO]: Item Merge Radius: 2.5
[19:42:31] [Server thread/INFO]: Arrow Despawn Rate: 1200
[19:42:31] [Server thread/INFO]: Allow Zombie Pigmen to spawn from portal blocks: true
[19:42:31] [Server thread/INFO]: View Distance: 10
[19:42:31] [Server thread/INFO]: Zombie Aggressive Towards Villager: true
[19:42:31] [Server thread/INFO]: Experience Merge Radius: 3.0
[19:42:31] [Server thread/INFO]: Entity Activation Range: An 32 / Mo 32 / Mi 16
[19:42:31] [Server thread/INFO]: Nerfing mobs spawned from spawners: false
[19:42:31] [Server thread/INFO]: Cactus Growth Modifier: 100%
[19:42:31] [Server thread/INFO]: Cane Growth Modifier: 100%
[19:42:31] [Server thread/INFO]: Melon Growth Modifier: 100%
[19:42:31] [Server thread/INFO]: Mushroom Growth Modifier: 100%
[19:42:31] [Server thread/INFO]: Pumpkin Growth Modifier: 100%
[19:42:31] [Server thread/INFO]: Sapling Growth Modifier: 100%
[19:42:31] [Server thread/INFO]: Wheat Growth Modifier: 100%
[19:42:31] [Server thread/INFO]: NetherWart Growth Modifier: 100%
[19:42:31] [Server thread/INFO]: Max Entity Collisions: 8
[19:42:31] [Server thread/INFO]: Custom Map Seeds:  Village: 10387312 Feature: 14357617
[19:42:31] [Server thread/INFO]: Entity Tracking Range: Pl 48 / An 48 / Mo 48 / Mi 32 / Other 64
[19:42:31] [Server thread/INFO]: Mob Spawn Range: 4
[19:42:31] [Server thread/INFO]: Max TNT Explosions: 100
[19:42:31] [Server thread/INFO]: Tile Max Tick Time: 50ms Entity max Tick Time: 50ms
[19:42:31] [Server thread/INFO]: Random Lighting Updates: false
[19:42:31] [Server thread/INFO]: Hopper Transfer: 8 Hopper Check: 8 Hopper Amount: 1
[19:42:31] [Server thread/INFO]: Structure Info Saving: true
[19:42:31] [Server thread/INFO]: Preparing start region for level 0 (Seed: 2951722919209341231)
[19:42:32] [Server thread/INFO]: Preparing spawn area: 17%
[19:42:33] [Server thread/INFO]: Preparing spawn area: 53%
[19:42:34] [Server thread/INFO]: Preparing spawn area: 89%
[19:42:34] [Server thread/INFO]: Preparing start region for level 1 (Seed: 2951722919209341231)
[19:42:35] [Server thread/INFO]: Preparing spawn area: 50%
[19:42:36] [Server thread/INFO]: Preparing spawn area: 87%
[19:42:37] [Server thread/INFO]: Preparing start region for level 2 (Seed: 2951722919209341231)
[19:42:37] [Server thread/INFO]: [BackPacks-1.9] Enabling BackPacks-1.9 v1.2.1
[19:42:37] [Server thread/INFO]: [BackPacks] Plugin enabled!
[19:42:37] [Server thread/INFO]: Server permissions file permissions.yml is empty, ignoring it
[19:42:37] [Server thread/INFO]: Done (6,418s)! For help, type "help" or "?"
[19:43:04] [Server thread/INFO]: CONSOLE: Please note that this command is not supported and may cause issues when using some plugins.
[19:43:04] [Server thread/INFO]: CONSOLE: If you encounter any issues please use the /stop command to restart your server.
[19:43:04] [Server thread/INFO]: Debug logging is disabled
[19:43:04] [Server thread/INFO]: Server Ping Player Sample Count: 12
[19:43:04] [Server thread/INFO]: Using 4 threads for Netty based IO
[19:43:04] [Server thread/INFO]: -------- World Settings For [world] --------
[19:43:04] [Server thread/INFO]: Item Despawn Rate: 6000
[19:43:04] [Server thread/INFO]: Item Merge Radius: 2.5
[19:43:04] [Server thread/INFO]: Arrow Despawn Rate: 1200
[19:43:04] [Server thread/INFO]: Allow Zombie Pigmen to spawn from portal blocks: true
[19:43:04] [Server thread/INFO]: View Distance: 10
[19:43:04] [Server thread/INFO]: Zombie Aggressive Towards Villager: true
[19:43:04] [Server thread/INFO]: Experience Merge Radius: 3.0
[19:43:04] [Server thread/INFO]: Entity Activation Range: An 32 / Mo 32 / Mi 16
[19:43:04] [Server thread/INFO]: Nerfing mobs spawned from spawners: false
[19:43:04] [Server thread/INFO]: Cactus Growth Modifier: 100%
[19:43:04] [Server thread/INFO]: Cane Growth Modifier: 100%
[19:43:04] [Server thread/INFO]: Melon Growth Modifier: 100%
[19:43:04] [Server thread/INFO]: Mushroom Growth Modifier: 100%
[19:43:04] [Server thread/INFO]: Pumpkin Growth Modifier: 100%
[19:43:04] [Server thread/INFO]: Sapling Growth Modifier: 100%
[19:43:04] [Server thread/INFO]: Wheat Growth Modifier: 100%
[19:43:04] [Server thread/INFO]: NetherWart Growth Modifier: 100%
[19:43:04] [Server thread/INFO]: Max Entity Collisions: 8
[19:43:04] [Server thread/INFO]: Custom Map Seeds:  Village: 10387312 Feature: 14357617
[19:43:04] [Server thread/INFO]: Entity Tracking Range: Pl 48 / An 48 / Mo 48 / Mi 32 / Other 64
[19:43:04] [Server thread/INFO]: Mob Spawn Range: 4
[19:43:04] [Server thread/INFO]: Max TNT Explosions: 100
[19:43:04] [Server thread/INFO]: Tile Max Tick Time: 50ms Entity max Tick Time: 50ms
[19:43:04] [Server thread/INFO]: Random Lighting Updates: false
[19:43:04] [Server thread/INFO]: Hopper Transfer: 8 Hopper Check: 8 Hopper Amount: 1
[19:43:04] [Server thread/INFO]: Structure Info Saving: true
[19:43:04] [Server thread/INFO]: -------- World Settings For [world_nether] --------
[19:43:04] [Server thread/INFO]: Item Despawn Rate: 6000
[19:43:04] [Server thread/INFO]: Item Merge Radius: 2.5
[19:43:04] [Server thread/INFO]: Arrow Despawn Rate: 1200
[19:43:04] [Server thread/INFO]: Allow Zombie Pigmen to spawn from portal blocks: true
[19:43:04] [Server thread/INFO]: View Distance: 10
[19:43:04] [Server thread/INFO]: Zombie Aggressive Towards Villager: true
[19:43:04] [Server thread/INFO]: Experience Merge Radius: 3.0
[19:43:04] [Server thread/INFO]: Entity Activation Range: An 32 / Mo 32 / Mi 16
[19:43:04] [Server thread/INFO]: Nerfing mobs spawned from spawners: false
[19:43:04] [Server thread/INFO]: Cactus Growth Modifier: 100%
[19:43:04] [Server thread/INFO]: Cane Growth Modifier: 100%
[19:43:04] [Server thread/INFO]: Melon Growth Modifier: 100%
[19:43:04] [Server thread/INFO]: Mushroom Growth Modifier: 100%
[19:43:04] [Server thread/INFO]: Pumpkin Growth Modifier: 100%
[19:43:04] [Server thread/INFO]: Sapling Growth Modifier: 100%
[19:43:04] [Server thread/INFO]: Wheat Growth Modifier: 100%
[19:43:04] [Server thread/INFO]: NetherWart Growth Modifier: 100%
[19:43:04] [Server thread/INFO]: Max Entity Collisions: 8
[19:43:04] [Server thread/INFO]: Custom Map Seeds:  Village: 10387312 Feature: 14357617
[19:43:04] [Server thread/INFO]: Entity Tracking Range: Pl 48 / An 48 / Mo 48 / Mi 32 / Other 64
[19:43:04] [Server thread/INFO]: Mob Spawn Range: 4
[19:43:04] [Server thread/INFO]: Max TNT Explosions: 100
[19:43:04] [Server thread/INFO]: Tile Max Tick Time: 50ms Entity max Tick Time: 50ms
[19:43:04] [Server thread/INFO]: Random Lighting Updates: false
[19:43:04] [Server thread/INFO]: Hopper Transfer: 8 Hopper Check: 8 Hopper Amount: 1
[19:43:04] [Server thread/INFO]: Structure Info Saving: true
[19:43:05] [Server thread/INFO]: -------- World Settings For [world_the_end] --------
[19:43:05] [Server thread/INFO]: Item Despawn Rate: 6000
[19:43:05] [Server thread/INFO]: Item Merge Radius: 2.5
[19:43:05] [Server thread/INFO]: Arrow Despawn Rate: 1200
[19:43:05] [Server thread/INFO]: Allow Zombie Pigmen to spawn from portal blocks: true
[19:43:05] [Server thread/INFO]: View Distance: 10
[19:43:05] [Server thread/INFO]: Zombie Aggressive Towards Villager: true
[19:43:05] [Server thread/INFO]: Experience Merge Radius: 3.0
[19:43:05] [Server thread/INFO]: Entity Activation Range: An 32 / Mo 32 / Mi 16
[19:43:05] [Server thread/INFO]: Nerfing mobs spawned from spawners: false
[19:43:05] [Server thread/INFO]: Cactus Growth Modifier: 100%
[19:43:05] [Server thread/INFO]: Cane Growth Modifier: 100%
[19:43:05] [Server thread/INFO]: Melon Growth Modifier: 100%
[19:43:05] [Server thread/INFO]: Mushroom Growth Modifier: 100%
[19:43:05] [Server thread/INFO]: Pumpkin Growth Modifier: 100%
[19:43:05] [Server thread/INFO]: Sapling Growth Modifier: 100%
[19:43:05] [Server thread/INFO]: Wheat Growth Modifier: 100%
[19:43:05] [Server thread/INFO]: NetherWart Growth Modifier: 100%
[19:43:05] [Server thread/INFO]: Max Entity Collisions: 8
[19:43:05] [Server thread/INFO]: Custom Map Seeds:  Village: 10387312 Feature: 14357617
[19:43:05] [Server thread/INFO]: Entity Tracking Range: Pl 48 / An 48 / Mo 48 / Mi 32 / Other 64
[19:43:05] [Server thread/INFO]: Mob Spawn Range: 4
[19:43:05] [Server thread/INFO]: Max TNT Explosions: 100
[19:43:05] [Server thread/INFO]: Tile Max Tick Time: 50ms Entity max Tick Time: 50ms
[19:43:05] [Server thread/INFO]: Random Lighting Updates: false
[19:43:05] [Server thread/INFO]: Hopper Transfer: 8 Hopper Check: 8 Hopper Amount: 1
[19:43:05] [Server thread/INFO]: Structure Info Saving: true
[19:43:05] [Server thread/INFO]: [BackPacks-1.9] Disabling BackPacks-1.9 v1.2.1
[19:43:05] [Server thread/INFO]: [BackPacks] Plugin disabled!
[19:43:05] [Server thread/INFO]: [BackPacks-1.9] Loading BackPacks-1.9 v1.2.1
[19:43:05] [Server thread/INFO]: [BackPacks-1.9] Enabling BackPacks-1.9 v1.2.1
[19:43:07] [Server thread/INFO]: [BackPacks] Plugin enabled!
[19:43:07] [Server thread/INFO]: [BackPacks] MySQL connection enabled!
[19:43:07] [Server thread/INFO]: Server permissions file permissions.yml is empty, ignoring it
[19:43:07] [Server thread/INFO]: CONSOLE: Reload complete.
[19:43:20] [User Authenticator #1/INFO]: UUID of player Michi_amk is ba9c9caa-1f6c-46b1-9c7a-2ada2a844fd8
[19:43:20] [Server thread/INFO]: Michi_amk[/127.0.0.1:54592] logged in with entity id 249 at ([world]192.00495197719184, 85.0, 345.47275314936076)
[19:43:29] [Server thread/INFO]: Michi_amk issued server command: /bpgive
[19:43:31] [Server thread/INFO]: Michi_amk issued server command: /bpgive littlebp
[19:43:34] [Server thread/INFO]: Michi_amk issued server command: /time set day
[19:43:34] [Server thread/INFO]: [Michi_amk: Set the time to 1000]
[19:43:39] [Server thread/INFO]: Michi_amk issued server command: /toggledownfall
[19:43:39] [Server thread/INFO]: [Michi_amk: Toggled downfall]
[19:43:53] [Server thread/INFO]: Michi_amk issued server command: /bpgive littlebp
[19:43:56] [Server thread/INFO]: Michi_amk issued server command: /rl
[19:43:56] [Server thread/INFO]: Michi_amk: Please note that this command is not supported and may cause issues when using some plugins.
[19:43:56] [Server thread/INFO]: Michi_amk: If you encounter any issues please use the /stop command to restart your server.
[19:43:56] [Server thread/INFO]: Debug logging is disabled
[19:43:56] [Server thread/INFO]: Server Ping Player Sample Count: 12
[19:43:56] [Server thread/INFO]: Using 4 threads for Netty based IO
[19:43:56] [Server thread/INFO]: -------- World Settings For [world] --------
[19:43:56] [Server thread/INFO]: Item Despawn Rate: 6000
[19:43:56] [Server thread/INFO]: Item Merge Radius: 2.5
[19:43:56] [Server thread/INFO]: Arrow Despawn Rate: 1200
[19:43:56] [Server thread/INFO]: Allow Zombie Pigmen to spawn from portal blocks: true
[19:43:56] [Server thread/INFO]: View Distance: 10
[19:43:56] [Server thread/INFO]: Zombie Aggressive Towards Villager: true
[19:43:56] [Server thread/INFO]: Experience Merge Radius: 3.0
[19:43:56] [Server thread/INFO]: Entity Activation Range: An 32 / Mo 32 / Mi 16
[19:43:56] [Server thread/INFO]: Nerfing mobs spawned from spawners: false
[19:43:56] [Server thread/INFO]: Cactus Growth Modifier: 100%
[19:43:56] [Server thread/INFO]: Cane Growth Modifier: 100%
[19:43:56] [Server thread/INFO]: Melon Growth Modifier: 100%
[19:43:56] [Server thread/INFO]: Mushroom Growth Modifier: 100%
[19:43:56] [Server thread/INFO]: Pumpkin Growth Modifier: 100%
[19:43:56] [Server thread/INFO]: Sapling Growth Modifier: 100%
[19:43:56] [Server thread/INFO]: Wheat Growth Modifier: 100%
[19:43:56] [Server thread/INFO]: NetherWart Growth Modifier: 100%
[19:43:56] [Server thread/INFO]: Max Entity Collisions: 8
[19:43:56] [Server thread/INFO]: Custom Map Seeds:  Village: 10387312 Feature: 14357617
[19:43:56] [Server thread/INFO]: Entity Tracking Range: Pl 48 / An 48 / Mo 48 / Mi 32 / Other 64
[19:43:56] [Server thread/INFO]: Mob Spawn Range: 4
[19:43:56] [Server thread/INFO]: Max TNT Explosions: 100
[19:43:56] [Server thread/INFO]: Tile Max Tick Time: 50ms Entity max Tick Time: 50ms
[19:43:56] [Server thread/INFO]: Random Lighting Updates: false
[19:43:56] [Server thread/INFO]: Hopper Transfer: 8 Hopper Check: 8 Hopper Amount: 1
[19:43:56] [Server thread/INFO]: Structure Info Saving: true
[19:43:56] [Server thread/INFO]: -------- World Settings For [world_nether] --------
[19:43:56] [Server thread/INFO]: Item Despawn Rate: 6000
[19:43:56] [Server thread/INFO]: Item Merge Radius: 2.5
[19:43:56] [Server thread/INFO]: Arrow Despawn Rate: 1200
[19:43:56] [Server thread/INFO]: Allow Zombie Pigmen to spawn from portal blocks: true
[19:43:56] [Server thread/INFO]: View Distance: 10
[19:43:56] [Server thread/INFO]: Zombie Aggressive Towards Villager: true
[19:43:56] [Server thread/INFO]: Experience Merge Radius: 3.0
[19:43:56] [Server thread/INFO]: Entity Activation Range: An 32 / Mo 32 / Mi 16
[19:43:56] [Server thread/INFO]: Nerfing mobs spawned from spawners: false
[19:43:56] [Server thread/INFO]: Cactus Growth Modifier: 100%
[19:43:56] [Server thread/INFO]: Cane Growth Modifier: 100%
[19:43:56] [Server thread/INFO]: Melon Growth Modifier: 100%
[19:43:56] [Server thread/INFO]: Mushroom Growth Modifier: 100%
[19:43:56] [Server thread/INFO]: Pumpkin Growth Modifier: 100%
[19:43:56] [Server thread/INFO]: Sapling Growth Modifier: 100%
[19:43:56] [Server thread/INFO]: Wheat Growth Modifier: 100%
[19:43:56] [Server thread/INFO]: NetherWart Growth Modifier: 100%
[19:43:56] [Server thread/INFO]: Max Entity Collisions: 8
[19:43:56] [Server thread/INFO]: Custom Map Seeds:  Village: 10387312 Feature: 14357617
[19:43:56] [Server thread/INFO]: Entity Tracking Range: Pl 48 / An 48 / Mo 48 / Mi 32 / Other 64
[19:43:56] [Server thread/INFO]: Mob Spawn Range: 4
[19:43:56] [Server thread/INFO]: Max TNT Explosions: 100
[19:43:56] [Server thread/INFO]: Tile Max Tick Time: 50ms Entity max Tick Time: 50ms
[19:43:56] [Server thread/INFO]: Random Lighting Updates: false
[19:43:56] [Server thread/INFO]: Hopper Transfer: 8 Hopper Check: 8 Hopper Amount: 1
[19:43:56] [Server thread/INFO]: Structure Info Saving: true
[19:43:56] [Server thread/INFO]: -------- World Settings For [world_the_end] --------
[19:43:56] [Server thread/INFO]: Item Despawn Rate: 6000
[19:43:56] [Server thread/INFO]: Item Merge Radius: 2.5
[19:43:56] [Server thread/INFO]: Arrow Despawn Rate: 1200
[19:43:56] [Server thread/INFO]: Allow Zombie Pigmen to spawn from portal blocks: true
[19:43:56] [Server thread/INFO]: View Distance: 10
[19:43:56] [Server thread/INFO]: Zombie Aggressive Towards Villager: true
[19:43:56] [Server thread/INFO]: Experience Merge Radius: 3.0
[19:43:56] [Server thread/INFO]: Entity Activation Range: An 32 / Mo 32 / Mi 16
[19:43:56] [Server thread/INFO]: Nerfing mobs spawned from spawners: false
[19:43:56] [Server thread/INFO]: Cactus Growth Modifier: 100%
[19:43:56] [Server thread/INFO]: Cane Growth Modifier: 100%
[19:43:56] [Server thread/INFO]: Melon Growth Modifier: 100%
[19:43:56] [Server thread/INFO]: Mushroom Growth Modifier: 100%
[19:43:56] [Server thread/INFO]: Pumpkin Growth Modifier: 100%
[19:43:56] [Server thread/INFO]: Sapling Growth Modifier: 100%
[19:43:56] [Server thread/INFO]: Wheat Growth Modifier: 100%
[19:43:56] [Server thread/INFO]: NetherWart Growth Modifier: 100%
[19:43:56] [Server thread/INFO]: Max Entity Collisions: 8
[19:43:56] [Server thread/INFO]: Custom Map Seeds:  Village: 10387312 Feature: 14357617
[19:43:56] [Server thread/INFO]: Entity Tracking Range: Pl 48 / An 48 / Mo 48 / Mi 32 / Other 64
[19:43:56] [Server thread/INFO]: Mob Spawn Range: 4
[19:43:56] [Server thread/INFO]: Max TNT Explosions: 100
[19:43:56] [Server thread/INFO]: Tile Max Tick Time: 50ms Entity max Tick Time: 50ms
[19:43:56] [Server thread/INFO]: Random Lighting Updates: false
[19:43:56] [Server thread/INFO]: Hopper Transfer: 8 Hopper Check: 8 Hopper Amount: 1
[19:43:56] [Server thread/INFO]: Structure Info Saving: true
[19:43:56] [Server thread/INFO]: [BackPacks-1.9] Disabling BackPacks-1.9 v1.2.1
[19:43:56] [Server thread/INFO]: [BackPacks] MySQL connection disabled!
[19:43:56] [Server thread/INFO]: [BackPacks] Plugin disabled!
[19:43:56] [Server thread/INFO]: [BackPacks-1.9] Loading BackPacks-1.9 v1.2.1
[19:43:56] [Server thread/INFO]: [BackPacks-1.9] Enabling BackPacks-1.9 v1.2.1
[19:43:56] [Server thread/INFO]: [BackPacks] Plugin enabled!
[19:43:56] [Server thread/INFO]: [BackPacks] MySQL connection enabled!
[19:43:56] [Server thread/INFO]: Server permissions file permissions.yml is empty, ignoring it
[19:43:56] [Server thread/INFO]: Michi_amk: Reload complete.
[19:44:06] [Server thread/INFO]: Michi_amk issued server command: /bpgive littlebp
[19:44:14] [Server thread/INFO]: Michi_amk issued server command: /bpgive
[19:44:23] [Server thread/INFO]: Michi_amk issued server command: /bpgive workbenchbp
[19:44:28] [Server thread/INFO]: Michi_amk issued server command: /bpgive workbenchbp Michi_amk
[19:44:31] [Server thread/INFO]: Michi_amk issued server command: /bpgive workbenchbp Michi_amkf
[19:45:48] [Server thread/INFO]: Michi_amk issued server command: /bpreload
[19:46:54] [Server thread/INFO]: CONSOLE: Please note that this command is not supported and may cause issues when using some plugins.
[19:46:54] [Server thread/INFO]: CONSOLE: If you encounter any issues please use the /stop command to restart your server.
[19:46:54] [Server thread/INFO]: Debug logging is disabled
[19:46:54] [Server thread/INFO]: Server Ping Player Sample Count: 12
[19:46:54] [Server thread/INFO]: Using 4 threads for Netty based IO
[19:46:54] [Server thread/INFO]: -------- World Settings For [world] --------
[19:46:54] [Server thread/INFO]: Item Despawn Rate: 6000
[19:46:54] [Server thread/INFO]: Item Merge Radius: 2.5
[19:46:54] [Server thread/INFO]: Arrow Despawn Rate: 1200
[19:46:54] [Server thread/INFO]: Allow Zombie Pigmen to spawn from portal blocks: true
[19:46:54] [Server thread/INFO]: View Distance: 10
[19:46:54] [Server thread/INFO]: Zombie Aggressive Towards Villager: true
[19:46:54] [Server thread/INFO]: Experience Merge Radius: 3.0
[19:46:54] [Server thread/INFO]: Entity Activation Range: An 32 / Mo 32 / Mi 16
[19:46:54] [Server thread/INFO]: Nerfing mobs spawned from spawners: false
[19:46:54] [Server thread/INFO]: Cactus Growth Modifier: 100%
[19:46:54] [Server thread/INFO]: Cane Growth Modifier: 100%
[19:46:54] [Server thread/INFO]: Melon Growth Modifier: 100%
[19:46:54] [Server thread/INFO]: Mushroom Growth Modifier: 100%
[19:46:54] [Server thread/INFO]: Pumpkin Growth Modifier: 100%
[19:46:54] [Server thread/INFO]: Sapling Growth Modifier: 100%
[19:46:54] [Server thread/INFO]: Wheat Growth Modifier: 100%
[19:46:54] [Server thread/INFO]: NetherWart Growth Modifier: 100%
[19:46:54] [Server thread/INFO]: Max Entity Collisions: 8
[19:46:54] [Server thread/INFO]: Custom Map Seeds:  Village: 10387312 Feature: 14357617
[19:46:54] [Server thread/INFO]: Entity Tracking Range: Pl 48 / An 48 / Mo 48 / Mi 32 / Other 64
[19:46:54] [Server thread/INFO]: Mob Spawn Range: 4
[19:46:54] [Server thread/INFO]: Max TNT Explosions: 100
[19:46:54] [Server thread/INFO]: Tile Max Tick Time: 50ms Entity max Tick Time: 50ms
[19:46:54] [Server thread/INFO]: Random Lighting Updates: false
[19:46:54] [Server thread/INFO]: Hopper Transfer: 8 Hopper Check: 8 Hopper Amount: 1
[19:46:54] [Server thread/INFO]: Structure Info Saving: true
[19:46:54] [Server thread/INFO]: -------- World Settings For [world_nether] --------
[19:46:54] [Server thread/INFO]: Item Despawn Rate: 6000
[19:46:54] [Server thread/INFO]: Item Merge Radius: 2.5
[19:46:54] [Server thread/INFO]: Arrow Despawn Rate: 1200
[19:46:54] [Server thread/INFO]: Allow Zombie Pigmen to spawn from portal blocks: true
[19:46:54] [Server thread/INFO]: View Distance: 10
[19:46:54] [Server thread/INFO]: Zombie Aggressive Towards Villager: true
[19:46:54] [Server thread/INFO]: Experience Merge Radius: 3.0
[19:46:54] [Server thread/INFO]: Entity Activation Range: An 32 / Mo 32 / Mi 16
[19:46:54] [Server thread/INFO]: Nerfing mobs spawned from spawners: false
[19:46:54] [Server thread/INFO]: Cactus Growth Modifier: 100%
[19:46:54] [Server thread/INFO]: Cane Growth Modifier: 100%
[19:46:54] [Server thread/INFO]: Melon Growth Modifier: 100%
[19:46:54] [Server thread/INFO]: Mushroom Growth Modifier: 100%
[19:46:54] [Server thread/INFO]: Pumpkin Growth Modifier: 100%
[19:46:54] [Server thread/INFO]: Sapling Growth Modifier: 100%
[19:46:54] [Server thread/INFO]: Wheat Growth Modifier: 100%
[19:46:54] [Server thread/INFO]: NetherWart Growth Modifier: 100%
[19:46:54] [Server thread/INFO]: Max Entity Collisions: 8
[19:46:54] [Server thread/INFO]: Custom Map Seeds:  Village: 10387312 Feature: 14357617
[19:46:54] [Server thread/INFO]: Entity Tracking Range: Pl 48 / An 48 / Mo 48 / Mi 32 / Other 64
[19:46:54] [Server thread/INFO]: Mob Spawn Range: 4
[19:46:54] [Server thread/INFO]: Max TNT Explosions: 100
[19:46:54] [Server thread/INFO]: Tile Max Tick Time: 50ms Entity max Tick Time: 50ms
[19:46:54] [Server thread/INFO]: Random Lighting Updates: false
[19:46:54] [Server thread/INFO]: Hopper Transfer: 8 Hopper Check: 8 Hopper Amount: 1
[19:46:54] [Server thread/INFO]: Structure Info Saving: true
[19:46:54] [Server thread/INFO]: -------- World Settings For [world_the_end] --------
[19:46:54] [Server thread/INFO]: Item Despawn Rate: 6000
[19:46:54] [Server thread/INFO]: Item Merge Radius: 2.5
[19:46:54] [Server thread/INFO]: Arrow Despawn Rate: 1200
[19:46:54] [Server thread/INFO]: Allow Zombie Pigmen to spawn from portal blocks: true
[19:46:54] [Server thread/INFO]: View Distance: 10
[19:46:54] [Server thread/INFO]: Zombie Aggressive Towards Villager: true
[19:46:54] [Server thread/INFO]: Experience Merge Radius: 3.0
[19:46:54] [Server thread/INFO]: Entity Activation Range: An 32 / Mo 32 / Mi 16
[19:46:54] [Server thread/INFO]: Nerfing mobs spawned from spawners: false
[19:46:54] [Server thread/INFO]: Cactus Growth Modifier: 100%
[19:46:54] [Server thread/INFO]: Cane Growth Modifier: 100%
[19:46:54] [Server thread/INFO]: Melon Growth Modifier: 100%
[19:46:54] [Server thread/INFO]: Mushroom Growth Modifier: 100%
[19:46:54] [Server thread/INFO]: Pumpkin Growth Modifier: 100%
[19:46:54] [Server thread/INFO]: Sapling Growth Modifier: 100%
[19:46:54] [Server thread/INFO]: Wheat Growth Modifier: 100%
[19:46:54] [Server thread/INFO]: NetherWart Growth Modifier: 100%
[19:46:54] [Server thread/INFO]: Max Entity Collisions: 8
[19:46:54] [Server thread/INFO]: Custom Map Seeds:  Village: 10387312 Feature: 14357617
[19:46:54] [Server thread/INFO]: Entity Tracking Range: Pl 48 / An 48 / Mo 48 / Mi 32 / Other 64
[19:46:54] [Server thread/INFO]: Mob Spawn Range: 4
[19:46:54] [Server thread/INFO]: Max TNT Explosions: 100
[19:46:54] [Server thread/INFO]: Tile Max Tick Time: 50ms Entity max Tick Time: 50ms
[19:46:54] [Server thread/INFO]: Random Lighting Updates: false
[19:46:54] [Server thread/INFO]: Hopper Transfer: 8 Hopper Check: 8 Hopper Amount: 1
[19:46:54] [Server thread/INFO]: Structure Info Saving: true
[19:46:54] [Server thread/INFO]: [BackPacks-1.9] Disabling BackPacks-1.9 v1.2.1
[19:46:54] [Server thread/INFO]: [BackPacks] MySQL connection disabled!
[19:46:54] [Server thread/INFO]: [BackPacks] Plugin disabled!
[19:46:54] [Server thread/INFO]: [BackPacks-1.9] Loading BackPacks-1.9 v1.2.1
[19:46:54] [Server thread/INFO]: [BackPacks-1.9] Enabling BackPacks-1.9 v1.2.1
[19:46:55] [Server thread/INFO]: [BackPacks] Plugin enabled!
[19:46:55] [Server thread/INFO]: [BackPacks] MySQL connection enabled!
[19:46:55] [Server thread/INFO]: Server permissions file permissions.yml is empty, ignoring it
[19:46:55] [Server thread/INFO]: CONSOLE: Reload complete.
[19:47:15] [Server thread/INFO]: Michi_amk lost connection: Disconnected
[19:47:15] [Server thread/INFO]: Michi_amk left the game.
[20:05:41] [Server thread/INFO]: Stopping the server
[20:05:41] [Server thread/INFO]: Stopping server
[20:05:41] [Server thread/INFO]: [BackPacks-1.9] Disabling BackPacks-1.9 v1.2.1
[20:05:41] [Server thread/INFO]: [BackPacks] MySQL connection disabled!
[20:05:41] [Server thread/INFO]: [BackPacks] Plugin disabled!
[20:05:41] [Server thread/INFO]: Saving players
[20:05:42] [Server thread/INFO]: Saving worlds
[20:05:42] [Server thread/INFO]: Saving chunks for level 'world'/Overworld
[20:05:42] [Server thread/INFO]: Saving chunks for level 'world_nether'/Nether
[20:05:42] [Server thread/INFO]: Saving chunks for level 'world_the_end'/The End
