[09:27:28] [Server thread/INFO]: Starting minecraft server version 1.7.10
[09:27:28] [Server thread/INFO]: Loading properties
[09:27:28] [Server thread/INFO]: Default game type: SURVIVAL
[09:27:29] [Server thread/INFO]: This server is running CraftBukkit version git-Spigot-1544 (MC: 1.7.10) (Implementing API version 1.7.10-R0.1-SNAPSHOT)
[09:27:29] [Server thread/INFO]: Server Ping Player Sample Count: 12
[09:27:29] [Server thread/INFO]: Using 4 threads for Netty based IO
[09:27:29] [Server thread/INFO]: Generating keypair
[09:27:29] [Server thread/INFO]: Starting Minecraft server on *:25565
[09:27:29] [Server thread/INFO]: [BackPacks-1.9] Loading BackPacks-1.9 v1.2.6
[09:27:29] [Server thread/INFO]: **** Beginning UUID conversion, this may take A LONG time ****
[09:27:29] [Server thread/INFO]: Preparing level "world"
[09:27:29] [Server thread/INFO]: -------- World Settings For [world] --------
[09:27:29] [Server thread/INFO]: View Distance: 10
[09:27:29] [Server thread/INFO]: Chunks to Grow per Tick: 650
[09:27:29] [Server thread/INFO]: Clear tick list: false
[09:27:29] [Server thread/INFO]: Experience Merge Radius: 3.0
[09:27:29] [Server thread/INFO]: Item Despawn Rate: 6000
[09:27:29] [Server thread/INFO]: Item Merge Radius: 2.5
[09:27:29] [Server thread/INFO]: Allow Zombie Pigmen to spawn from portal blocks: true
[09:27:29] [Server thread/INFO]: Arrow Despawn Rate: 1200
[09:27:29] [Server thread/INFO]: Zombie Aggressive Towards Villager: true
[09:27:29] [Server thread/INFO]: Anti X-Ray: true
[09:27:29] [Server thread/INFO]: 	Engine Mode: 1
[09:27:29] [Server thread/INFO]: 	Hidden Blocks: [14, 15, 16, 21, 48, 49, 54, 56, 73, 74, 82, 129, 130]
[09:27:29] [Server thread/INFO]: 	Replace Blocks: [1, 5]
[09:27:29] [Server thread/INFO]: Mob Spawn Range: 4
[09:27:29] [Server thread/INFO]: Random Lighting Updates: false
[09:27:29] [Server thread/INFO]: Alternative Hopper Ticking: false
[09:27:29] [Server thread/INFO]: Hopper Transfer: 8 Hopper Check: 8 Hopper Amount: 1
[09:27:29] [Server thread/INFO]: Structure Info Saving: true
[09:27:29] [Server thread/INFO]: Entity Tracking Range: Pl 48 / An 48 / Mo 48 / Mi 32 / Other 64
[09:27:29] [Server thread/INFO]: Entity Activation Range: An 32 / Mo 32 / Mi 16
[09:27:29] [Server thread/INFO]: Cactus Growth Modifier: 100%
[09:27:29] [Server thread/INFO]: Cane Growth Modifier: 100%
[09:27:29] [Server thread/INFO]: Melon Growth Modifier: 100%
[09:27:29] [Server thread/INFO]: Mushroom Growth Modifier: 100%
[09:27:29] [Server thread/INFO]: Pumpkin Growth Modifier: 100%
[09:27:29] [Server thread/INFO]: Sapling Growth Modifier: 100%
[09:27:29] [Server thread/INFO]: Wheat Growth Modifier: 100%
[09:27:29] [Server thread/INFO]: Nerfing mobs spawned from spawners: false
[09:27:29] [Server thread/INFO]: Sending up to 5 chunks per packet
[09:27:29] [Server thread/INFO]: Max Entity Collisions: 8
[09:27:29] [Server thread/INFO]: Custom Map Seeds:  Village: 10387312 Feature: 14357617
[09:27:30] [Server thread/INFO]: -------- World Settings For [world_nether] --------
[09:27:30] [Server thread/INFO]: View Distance: 10
[09:27:30] [Server thread/INFO]: Chunks to Grow per Tick: 650
[09:27:30] [Server thread/INFO]: Clear tick list: false
[09:27:30] [Server thread/INFO]: Experience Merge Radius: 3.0
[09:27:30] [Server thread/INFO]: Item Despawn Rate: 6000
[09:27:30] [Server thread/INFO]: Item Merge Radius: 2.5
[09:27:30] [Server thread/INFO]: Allow Zombie Pigmen to spawn from portal blocks: true
[09:27:30] [Server thread/INFO]: Arrow Despawn Rate: 1200
[09:27:30] [Server thread/INFO]: Zombie Aggressive Towards Villager: true
[09:27:30] [Server thread/INFO]: Anti X-Ray: true
[09:27:30] [Server thread/INFO]: 	Engine Mode: 1
[09:27:30] [Server thread/INFO]: 	Hidden Blocks: [14, 15, 16, 21, 48, 49, 54, 56, 73, 74, 82, 129, 130]
[09:27:30] [Server thread/INFO]: 	Replace Blocks: [1, 5]
[09:27:30] [Server thread/INFO]: Mob Spawn Range: 4
[09:27:30] [Server thread/INFO]: Random Lighting Updates: false
[09:27:30] [Server thread/INFO]: Alternative Hopper Ticking: false
[09:27:30] [Server thread/INFO]: Hopper Transfer: 8 Hopper Check: 8 Hopper Amount: 1
[09:27:30] [Server thread/INFO]: Structure Info Saving: true
[09:27:30] [Server thread/INFO]: Entity Tracking Range: Pl 48 / An 48 / Mo 48 / Mi 32 / Other 64
[09:27:30] [Server thread/INFO]: Entity Activation Range: An 32 / Mo 32 / Mi 16
[09:27:30] [Server thread/INFO]: Cactus Growth Modifier: 100%
[09:27:30] [Server thread/INFO]: Cane Growth Modifier: 100%
[09:27:30] [Server thread/INFO]: Melon Growth Modifier: 100%
[09:27:30] [Server thread/INFO]: Mushroom Growth Modifier: 100%
[09:27:30] [Server thread/INFO]: Pumpkin Growth Modifier: 100%
[09:27:30] [Server thread/INFO]: Sapling Growth Modifier: 100%
[09:27:30] [Server thread/INFO]: Wheat Growth Modifier: 100%
[09:27:30] [Server thread/INFO]: Nerfing mobs spawned from spawners: false
[09:27:30] [Server thread/INFO]: Sending up to 5 chunks per packet
[09:27:30] [Server thread/INFO]: Max Entity Collisions: 8
[09:27:30] [Server thread/INFO]: Custom Map Seeds:  Village: 10387312 Feature: 14357617
[09:27:30] [Server thread/INFO]: -------- World Settings For [world_the_end] --------
[09:27:30] [Server thread/INFO]: View Distance: 10
[09:27:30] [Server thread/INFO]: Chunks to Grow per Tick: 650
[09:27:30] [Server thread/INFO]: Clear tick list: false
[09:27:30] [Server thread/INFO]: Experience Merge Radius: 3.0
[09:27:30] [Server thread/INFO]: Item Despawn Rate: 6000
[09:27:30] [Server thread/INFO]: Item Merge Radius: 2.5
[09:27:30] [Server thread/INFO]: Allow Zombie Pigmen to spawn from portal blocks: true
[09:27:30] [Server thread/INFO]: Arrow Despawn Rate: 1200
[09:27:30] [Server thread/INFO]: Zombie Aggressive Towards Villager: true
[09:27:30] [Server thread/INFO]: Anti X-Ray: true
[09:27:30] [Server thread/INFO]: 	Engine Mode: 1
[09:27:30] [Server thread/INFO]: 	Hidden Blocks: [14, 15, 16, 21, 48, 49, 54, 56, 73, 74, 82, 129, 130]
[09:27:30] [Server thread/INFO]: 	Replace Blocks: [1, 5]
[09:27:30] [Server thread/INFO]: Mob Spawn Range: 4
[09:27:30] [Server thread/INFO]: Random Lighting Updates: false
[09:27:30] [Server thread/INFO]: Alternative Hopper Ticking: false
[09:27:30] [Server thread/INFO]: Hopper Transfer: 8 Hopper Check: 8 Hopper Amount: 1
[09:27:30] [Server thread/INFO]: Structure Info Saving: true
[09:27:30] [Server thread/INFO]: Entity Tracking Range: Pl 48 / An 48 / Mo 48 / Mi 32 / Other 64
[09:27:30] [Server thread/INFO]: Entity Activation Range: An 32 / Mo 32 / Mi 16
[09:27:30] [Server thread/INFO]: Cactus Growth Modifier: 100%
[09:27:30] [Server thread/INFO]: Cane Growth Modifier: 100%
[09:27:30] [Server thread/INFO]: Melon Growth Modifier: 100%
[09:27:30] [Server thread/INFO]: Mushroom Growth Modifier: 100%
[09:27:30] [Server thread/INFO]: Pumpkin Growth Modifier: 100%
[09:27:30] [Server thread/INFO]: Sapling Growth Modifier: 100%
[09:27:30] [Server thread/INFO]: Wheat Growth Modifier: 100%
[09:27:30] [Server thread/INFO]: Nerfing mobs spawned from spawners: false
[09:27:30] [Server thread/INFO]: Sending up to 5 chunks per packet
[09:27:30] [Server thread/INFO]: Max Entity Collisions: 8
[09:27:30] [Server thread/INFO]: Custom Map Seeds:  Village: 10387312 Feature: 14357617
[09:27:30] [Server thread/INFO]: Preparing start region for level 0 (Seed: 5271473189122423244)
[09:27:31] [Server thread/INFO]: Preparing spawn area: 99%
[09:27:31] [Server thread/INFO]: Preparing start region for level 1 (Seed: 5271473189122423244)
[09:27:32] [Server thread/INFO]: Preparing spawn area: 90%
[09:27:32] [Server thread/INFO]: Preparing start region for level 2 (Seed: 5271473189122423244)
[09:27:32] [Server thread/INFO]: [BackPacks-1.9] Enabling BackPacks-1.9 v1.2.6
[09:27:32] [Server thread/INFO]: [BackPacks] Plugin enabled!
[09:27:32] [Server thread/INFO]: Server permissions file permissions.yml is empty, ignoring it
[09:27:32] [Server thread/INFO]: Done (2,789s)! For help, type "help" or "?"
[09:27:38] [User Authenticator #1/INFO]: UUID of player Michi_amk is ba9c9caa-1f6c-46b1-9c7a-2ada2a844fd8
[09:27:38] [Server thread/INFO]: Michi_amk[/127.0.0.1:59683] logged in with entity id 127 at ([world] 234.73943012123158, 68.0, 258.5040970135912)
[09:28:04] [Server thread/INFO]: Michi_amk lost connection: Disconnected
[09:28:04] [Server thread/INFO]: Michi_amk left the game.
[09:28:08] [User Authenticator #2/INFO]: UUID of player Michi_amk is ba9c9caa-1f6c-46b1-9c7a-2ada2a844fd8
[09:28:08] [Server thread/INFO]: Michi_amk[/127.0.0.1:59691] logged in with entity id 132 at ([world] 234.73943012123158, 68.0, 258.5040970135912)
[09:28:14] [Server thread/INFO]: Michi_amk lost connection: Disconnected
[09:28:14] [Server thread/INFO]: Michi_amk left the game.
[09:28:16] [Server thread/INFO]: CONSOLE: Stopping the server..
[09:28:16] [Server thread/INFO]: Stopping server
[09:28:16] [Server thread/INFO]: [BackPacks-1.9] Disabling BackPacks-1.9 v1.2.6
[09:28:16] [Server thread/INFO]: [BackPacks] Plugin disabled!
[09:28:16] [Server thread/INFO]: Saving players
[09:28:16] [Server thread/INFO]: Saving worlds
[09:28:16] [Server thread/INFO]: Saving chunks for level 'world'/Overworld
[09:28:17] [Server thread/INFO]: Saving chunks for level 'world_nether'/Nether
[09:28:17] [Server thread/INFO]: Saving chunks for level 'world_the_end'/The End
[09:28:17] [Thread-4/INFO]: Stopping server
[09:28:17] [Thread-4/INFO]: Saving players
[09:28:17] [Thread-4/INFO]: Saving worlds
[09:28:17] [Thread-4/INFO]: Saving chunks for level 'world'/Overworld
