20/03/2016 14:05:29 [INFO] Creating new file 'plugins\TopLite\data\plugindata.dat'!
20/03/2016 14:05:29 [DEBUG] 	Adding sub command 'help'
20/03/2016 14:05:29 [DEBUG] 	Adding sub command 'changelog'
20/03/2016 14:05:29 [DEBUG] 	Adding sub command 'resetconfig'
20/03/2016 14:05:29 [DEBUG] 	Adding sub command 'permissions'
20/03/2016 14:05:29 [DEBUG] 	Adding sub command 'reload'
20/03/2016 14:05:29 [DEBUG] 	Adding sub command 'about'
20/03/2016 14:05:29 [DEBUG] 	Adding sub command 'uploadlog'
20/03/2016 14:05:29 [DEBUG] 	Adding sub command 'uploadconfig'
20/03/2016 14:05:29 [DEBUG] 	Adding sub command 'reset'
20/03/2016 14:05:29 [DEBUG] 	Adding sub command 'plugin'
20/03/2016 14:05:29 [INFO] Adding command 'top'
20/03/2016 14:05:29 [INFO] Initializing monitors ...
20/03/2016 14:05:29 [INFO] Creating new file 'plugins\TopLite\lang\lang_en.yml'!
20/03/2016 14:05:29 [INFO] Loading language file: lang_en
20/03/2016 14:05:29 [SEVERE] Error while loading plugins\TopLite\lang\lang_en.yml!
20/03/2016 14:05:29 [INFO] Loading messages ...
20/03/2016 14:05:31 [DEBUG] Starting refreshing timings data ...
20/03/2016 14:05:31 [DEBUG] Getting world timings ...
20/03/2016 14:05:31 [DEBUG] Getting plugin timings ...
20/03/2016 14:05:31 [DEBUG] Getting player pings ...
20/03/2016 14:05:31 [DEBUG] Performing garbage collect ...
20/03/2016 14:05:31 [DEBUG] Server information refreshed!
20/03/2016 14:05:31 [MESSAGE] §7§a§8|§8|§8|§8|§8|§8|§8|§8|§8|§8|§8|§8|§8|§8|§8|§8|§8|§8|§8|§8|§8|§8|§8|§8|§8|§8|§8|§8|§8|§8|§8|§8|§8|§8|§8|§8|§8|§8|§8|§8|§8|§8|§8|§8|§8|§8|§8|§8|§8|§8|§8|§8|§8|§8|§8|§8|§8|§8|§8|§8|§8|§8|§8|§8|§8|§8|§8|§8|§8|§8|§8|§8|§8|§8|§8|§8|§8|§8|§8|§8|§8|§8|§8|§8|§8|§8|§8|§8|§8|§8|§8|§8|§8|§8|§8|§8|§8|§8|§8|§8|§r  BackPacks-1.9
20/03/2016 14:05:31 [MESSAGE] §8Last restart: §720 März 2016 14:05§8  Players: §70§8 / 20
20/03/2016 14:05:31 [MESSAGE] §r§8Timed §72§8 plugins for §72.29s
20/03/2016 14:05:31 [MESSAGE] §8Memory usage: §a229 MB§8 / 1796 MB§7 (484 MB allocated)
20/03/2016 14:05:31 [MESSAGE] §8TPS: §a20.0§8  Average TPS: §a20.0
20/03/2016 14:05:31 [MESSAGE] §7§4||||||||||||||||||||||||||||||||||||||||||||||||||||||||||||||||||||||||||||||||||||||||||||||||||||§r  TopLite
20/03/2016 14:05:31 [MESSAGE] §r§8§m==================§8[ §9Server Status §8]§m==================
20/03/2016 14:05:39 [DEBUG] Starting refreshing timings data ...
20/03/2016 14:05:39 [MESSAGE] §7§4||||||||||||||||||||||||||||||||||||||||||||||||||||||||||||||||||||||||||||||||||||||||||||||||||||§r  TopLite
20/03/2016 14:05:39 [MESSAGE] §7§a§8|§8|§8|§8|§8|§8|§8|§8|§8|§8|§8|§8|§8|§8|§8|§8|§8|§8|§8|§8|§8|§8|§8|§8|§8|§8|§8|§8|§8|§8|§8|§8|§8|§8|§8|§8|§8|§8|§8|§8|§8|§8|§8|§8|§8|§8|§8|§8|§8|§8|§8|§8|§8|§8|§8|§8|§8|§8|§8|§8|§8|§8|§8|§8|§8|§8|§8|§8|§8|§8|§8|§8|§8|§8|§8|§8|§8|§8|§8|§8|§8|§8|§8|§8|§8|§8|§8|§8|§8|§8|§8|§8|§8|§8|§8|§8|§8|§8|§8|§8|§r  BackPacks-1.9
20/03/2016 14:05:39 [MESSAGE] §r§8Timed §72§8 plugins for §710.21s
20/03/2016 14:05:39 [MESSAGE] §8TPS: §a20.0§8  Average TPS: §a20.0
20/03/2016 14:05:39 [MESSAGE] §8Memory usage: §a331 MB§8 / 1796 MB§7 (484 MB allocated)
20/03/2016 14:05:39 [MESSAGE] §8Last restart: §720 März 2016 14:05§8  Players: §70§8 / 20
20/03/2016 14:05:39 [DEBUG] Getting player pings ...
20/03/2016 14:05:39 [DEBUG] Getting world timings ...
20/03/2016 14:05:39 [DEBUG] Getting plugin timings ...
20/03/2016 14:05:39 [MESSAGE] §r§8§m==================§8[ §9Server Status §8]§m==================
20/03/2016 14:05:39 [DEBUG] Performing garbage collect ...
20/03/2016 14:05:39 [DEBUG] Server information refreshed!
20/03/2016 14:07:24 [DEBUG] Starting refreshing timings data ...
20/03/2016 14:07:24 [MESSAGE] §7§a§8|§8|§8|§8|§8|§8|§8|§8|§8|§8|§8|§8|§8|§8|§8|§8|§8|§8|§8|§8|§8|§8|§8|§8|§8|§8|§8|§8|§8|§8|§8|§8|§8|§8|§8|§8|§8|§8|§8|§8|§8|§8|§8|§8|§8|§8|§8|§8|§8|§8|§8|§8|§8|§8|§8|§8|§8|§8|§8|§8|§8|§8|§8|§8|§8|§8|§8|§8|§8|§8|§8|§8|§8|§8|§8|§8|§8|§8|§8|§8|§8|§8|§8|§8|§8|§8|§8|§8|§8|§8|§8|§8|§8|§8|§8|§8|§8|§8|§8|§8|§r  BackPacks-1.9
20/03/2016 14:07:24 [MESSAGE] §r§8Timed §72§8 plugins for §7115.39s
20/03/2016 14:07:24 [MESSAGE] §7§4||||||||||||||||||||||||||||||||||||||||||||||||||||||||||||||||||||||||||||||||||||||||||||||||||||§r  TopLite
20/03/2016 14:07:24 [MESSAGE] §8Memory usage: §a190 MB§8 / 1796 MB§7 (557 MB allocated)
20/03/2016 14:07:24 [MESSAGE] §8TPS: §a20.0§8  Average TPS: §a20.0
20/03/2016 14:07:24 [MESSAGE] §8Last restart: §720 März 2016 14:05§8  Players: §70§8 / 20
20/03/2016 14:07:24 [DEBUG] Getting player pings ...
20/03/2016 14:07:24 [DEBUG] Server information refreshed!
20/03/2016 14:07:24 [DEBUG] Getting world timings ...
20/03/2016 14:07:24 [MESSAGE] §r§8§m==================§8[ §9Server Status §8]§m==================
20/03/2016 14:07:24 [DEBUG] Getting plugin timings ...
20/03/2016 14:07:24 [DEBUG] Performing garbage collect ...
20/03/2016 14:07:42 [DEBUG] Performing garbage collect ...
20/03/2016 14:07:42 [DEBUG] Starting refreshing timings data ...
20/03/2016 14:07:42 [DEBUG] Getting player pings ...
20/03/2016 14:07:42 [DEBUG] Getting plugin timings ...
20/03/2016 14:07:42 [DEBUG] Server information refreshed!
20/03/2016 14:07:42 [DEBUG] Getting world timings ...
20/03/2016 14:08:16 [DEBUG] Starting refreshing timings data ...
20/03/2016 14:08:16 [DEBUG] Server information refreshed!
20/03/2016 14:08:16 [DEBUG] Getting world timings ...
20/03/2016 14:08:16 [DEBUG] Getting plugin timings ...
20/03/2016 14:08:16 [DEBUG] Getting player pings ...
20/03/2016 14:08:16 [DEBUG] Performing garbage collect ...
20/03/2016 14:13:30 [DEBUG] Starting refreshing timings data ...
20/03/2016 14:13:30 [MESSAGE] §7§a||||||||§8|§8|§8|§8|§8|§8|§8|§8|§8|§8|§8|§8|§8|§8|§8|§8|§8|§8|§8|§8|§8|§8|§8|§8|§8|§8|§8|§8|§8|§8|§8|§8|§8|§8|§8|§8|§8|§8|§8|§8|§8|§8|§8|§8|§8|§8|§8|§8|§8|§8|§8|§8|§8|§8|§8|§8|§8|§8|§8|§8|§8|§8|§8|§8|§8|§8|§8|§8|§8|§8|§8|§8|§8|§8|§8|§8|§8|§8|§8|§8|§8|§8|§8|§8|§8|§8|§8|§8|§8|§8|§8|§8|§r  BackPacks-1.9
20/03/2016 14:13:30 [MESSAGE] §7§4||||||||||||||||||||||||||||||||||||||||||||||||||||||||||||||||||||||||||||||||||||||||||||§8|§8|§8|§8|§8|§8|§8|§8|§r  TopLite
20/03/2016 14:13:30 [MESSAGE] §r§8Timed §72§8 plugins for §7480.63s
20/03/2016 14:13:30 [MESSAGE] §8Memory usage: §a164 MB§8 / 1796 MB§7 (603 MB allocated)
20/03/2016 14:13:30 [MESSAGE] §8TPS: §a19.97§8  Average TPS: §a20.0
20/03/2016 14:13:30 [MESSAGE] §8Last restart: §720 März 2016 14:05§8  Players: §70§8 / 20
20/03/2016 14:13:30 [DEBUG] Getting player pings ...
20/03/2016 14:13:30 [DEBUG] Server information refreshed!
20/03/2016 14:13:30 [DEBUG] Getting plugin timings ...
20/03/2016 14:13:30 [DEBUG] Getting world timings ...
20/03/2016 14:13:30 [DEBUG] Performing garbage collect ...
20/03/2016 14:13:30 [MESSAGE] §r§8§m==================§8[ §9Server Status §8]§m==================
20/03/2016 14:13:32 [MESSAGE] §7§a||||||||§8|§8|§8|§8|§8|§8|§8|§8|§8|§8|§8|§8|§8|§8|§8|§8|§8|§8|§8|§8|§8|§8|§8|§8|§8|§8|§8|§8|§8|§8|§8|§8|§8|§8|§8|§8|§8|§8|§8|§8|§8|§8|§8|§8|§8|§8|§8|§8|§8|§8|§8|§8|§8|§8|§8|§8|§8|§8|§8|§8|§8|§8|§8|§8|§8|§8|§8|§8|§8|§8|§8|§8|§8|§8|§8|§8|§8|§8|§8|§8|§8|§8|§8|§8|§8|§8|§8|§8|§8|§8|§8|§8|§r  BackPacks-1.9
20/03/2016 14:13:32 [MESSAGE] §r§8Timed §72§8 plugins for §7482.99s
20/03/2016 14:13:32 [MESSAGE] §7§4||||||||||||||||||||||||||||||||||||||||||||||||||||||||||||||||||||||||||||||||||||||||||||§8|§8|§8|§8|§8|§8|§8|§8|§r  TopLite
20/03/2016 14:13:32 [DEBUG] Starting refreshing timings data ...
20/03/2016 14:13:32 [MESSAGE] §8TPS: §a19.97§8  Average TPS: §a20.0
20/03/2016 14:13:32 [MESSAGE] §8Last restart: §720 März 2016 14:05§8  Players: §70§8 / 20
20/03/2016 14:13:32 [DEBUG] Getting plugin timings ...
20/03/2016 14:13:32 [MESSAGE] §8Memory usage: §a176 MB§8 / 1796 MB§7 (603 MB allocated)
20/03/2016 14:13:32 [DEBUG] Server information refreshed!
20/03/2016 14:13:32 [DEBUG] Getting world timings ...
20/03/2016 14:13:32 [DEBUG] Getting player pings ...
20/03/2016 14:13:32 [MESSAGE] §r§8§m==================§8[ §9Server Status §8]§m==================
20/03/2016 14:13:32 [DEBUG] Performing garbage collect ...
21/03/2016 22:17:03 [DEBUG] 	Adding sub command 'plugin'
21/03/2016 22:17:03 [DEBUG] 	Adding sub command 'changelog'
21/03/2016 22:17:03 [DEBUG] 	Adding sub command 'resetconfig'
21/03/2016 22:17:03 [DEBUG] 	Adding sub command 'help'
21/03/2016 22:17:03 [INFO] Loading messages ...
21/03/2016 22:17:03 [DEBUG] 	Adding sub command 'about'
21/03/2016 22:17:03 [DEBUG] 	Adding sub command 'reload'
21/03/2016 22:17:03 [DEBUG] 	Adding sub command 'permissions'
21/03/2016 22:17:03 [INFO] Adding command 'top'
21/03/2016 22:17:03 [INFO] Loading language file: lang_en
21/03/2016 22:17:03 [INFO] Initializing monitors ...
21/03/2016 22:17:03 [DEBUG] 	Adding sub command 'uploadconfig'
21/03/2016 22:17:03 [DEBUG] 	Adding sub command 'uploadlog'
21/03/2016 22:17:03 [DEBUG] 	Adding sub command 'reset'
21/03/2016 22:17:46 [DEBUG] 	Adding sub command 'permissions'
21/03/2016 22:17:46 [DEBUG] 	Adding sub command 'plugin'
21/03/2016 22:17:46 [DEBUG] 	Adding sub command 'reload'
21/03/2016 22:17:46 [DEBUG] 	Adding sub command 'uploadlog'
21/03/2016 22:17:46 [DEBUG] 	Adding sub command 'uploadconfig'
21/03/2016 22:17:46 [DEBUG] 	Adding sub command 'about'
21/03/2016 22:17:46 [INFO] Initializing monitors ...
21/03/2016 22:17:46 [INFO] Loading messages ...
21/03/2016 22:17:46 [DEBUG] 	Adding sub command 'help'
21/03/2016 22:17:46 [DEBUG] 	Adding sub command 'reset'
21/03/2016 22:17:46 [INFO] Adding command 'top'
21/03/2016 22:17:46 [DEBUG] 	Adding sub command 'resetconfig'
21/03/2016 22:17:46 [DEBUG] 	Adding sub command 'changelog'
21/03/2016 22:17:46 [INFO] Loading language file: lang_en
22/03/2016 08:24:50 [DEBUG] 	Adding sub command 'changelog'
22/03/2016 08:24:50 [DEBUG] 	Adding sub command 'help'
22/03/2016 08:24:50 [DEBUG] 	Adding sub command 'resetconfig'
22/03/2016 08:24:50 [INFO] Loading messages ...
22/03/2016 08:24:50 [DEBUG] 	Adding sub command 'permissions'
22/03/2016 08:24:50 [DEBUG] 	Adding sub command 'about'
22/03/2016 08:24:50 [DEBUG] 	Adding sub command 'uploadconfig'
22/03/2016 08:24:50 [DEBUG] 	Adding sub command 'uploadlog'
22/03/2016 08:24:50 [DEBUG] 	Adding sub command 'reload'
22/03/2016 08:24:50 [DEBUG] 	Adding sub command 'plugin'
22/03/2016 08:24:50 [DEBUG] 	Adding sub command 'reset'
22/03/2016 08:24:50 [INFO] Adding command 'top'
22/03/2016 08:24:50 [INFO] Loading language file: lang_en
22/03/2016 08:24:50 [INFO] Initializing monitors ...
22/03/2016 08:51:43 [DEBUG] 	Adding sub command 'help'
22/03/2016 08:51:43 [DEBUG] 	Adding sub command 'resetconfig'
22/03/2016 08:51:43 [DEBUG] 	Adding sub command 'uploadconfig'
22/03/2016 08:51:43 [INFO] Loading messages ...
22/03/2016 08:51:43 [DEBUG] 	Adding sub command 'about'
22/03/2016 08:51:43 [DEBUG] 	Adding sub command 'uploadlog'
22/03/2016 08:51:43 [DEBUG] 	Adding sub command 'permissions'
22/03/2016 08:51:43 [DEBUG] 	Adding sub command 'plugin'
22/03/2016 08:51:43 [DEBUG] 	Adding sub command 'changelog'
22/03/2016 08:51:43 [DEBUG] 	Adding sub command 'reload'
22/03/2016 08:51:43 [DEBUG] 	Adding sub command 'reset'
22/03/2016 08:51:43 [INFO] Loading language file: lang_en
22/03/2016 08:51:43 [INFO] Initializing monitors ...
22/03/2016 08:51:43 [INFO] Adding command 'top'
22/03/2016 08:56:01 [DEBUG] 	Adding sub command 'resetconfig'
22/03/2016 08:56:01 [DEBUG] 	Adding sub command 'about'
22/03/2016 08:56:01 [DEBUG] 	Adding sub command 'changelog'
22/03/2016 08:56:01 [INFO] Loading messages ...
22/03/2016 08:56:01 [DEBUG] 	Adding sub command 'permissions'
22/03/2016 08:56:01 [DEBUG] 	Adding sub command 'help'
22/03/2016 08:56:01 [DEBUG] 	Adding sub command 'reload'
22/03/2016 08:56:01 [DEBUG] 	Adding sub command 'uploadconfig'
22/03/2016 08:56:01 [DEBUG] 	Adding sub command 'uploadlog'
22/03/2016 08:56:01 [DEBUG] 	Adding sub command 'plugin'
22/03/2016 08:56:01 [DEBUG] 	Adding sub command 'reset'
22/03/2016 08:56:01 [INFO] Adding command 'top'
22/03/2016 08:56:01 [INFO] Initializing monitors ...
22/03/2016 08:56:01 [INFO] Loading language file: lang_en
22/03/2016 08:59:36 [DEBUG] 	Adding sub command 'help'
22/03/2016 08:59:36 [INFO] Loading messages ...
22/03/2016 08:59:36 [DEBUG] 	Adding sub command 'resetconfig'
22/03/2016 08:59:36 [DEBUG] 	Adding sub command 'changelog'
22/03/2016 08:59:36 [DEBUG] 	Adding sub command 'about'
22/03/2016 08:59:36 [DEBUG] 	Adding sub command 'permissions'
22/03/2016 08:59:36 [DEBUG] 	Adding sub command 'uploadconfig'
22/03/2016 08:59:36 [DEBUG] 	Adding sub command 'uploadlog'
22/03/2016 08:59:36 [DEBUG] 	Adding sub command 'plugin'
22/03/2016 08:59:36 [INFO] Initializing monitors ...
22/03/2016 08:59:36 [DEBUG] 	Adding sub command 'reload'
22/03/2016 08:59:36 [INFO] Loading language file: lang_en
22/03/2016 08:59:36 [DEBUG] 	Adding sub command 'reset'
22/03/2016 08:59:36 [INFO] Adding command 'top'
22/03/2016 09:00:19 [DEBUG] Getting player pings ...
22/03/2016 09:00:19 [DEBUG] Starting refreshing timings data ...
22/03/2016 09:00:19 [DEBUG] Performing garbage collect ...
22/03/2016 09:00:19 [DEBUG] Getting plugin timings ...
22/03/2016 09:00:19 [DEBUG] Server information refreshed!
22/03/2016 09:00:19 [DEBUG] Getting world timings ...
22/03/2016 09:00:56 [DEBUG] Starting refreshing timings data ...
22/03/2016 09:00:56 [DEBUG] Server information refreshed!
22/03/2016 09:00:56 [DEBUG] Getting world timings ...
22/03/2016 09:00:56 [DEBUG] Getting plugin timings ...
22/03/2016 09:00:56 [DEBUG] Getting player pings ...
22/03/2016 09:00:56 [DEBUG] Performing garbage collect ...
22/03/2016 09:01:09 [DEBUG] Starting refreshing timings data ...
22/03/2016 09:01:09 [DEBUG] Server information refreshed!
22/03/2016 09:01:09 [DEBUG] Getting world timings ...
22/03/2016 09:01:09 [DEBUG] Getting plugin timings ...
22/03/2016 09:01:09 [DEBUG] Getting player pings ...
22/03/2016 09:01:09 [DEBUG] Performing garbage collect ...
22/03/2016 09:01:23 [DEBUG] Starting refreshing timings data ...
22/03/2016 09:01:23 [DEBUG] Server information refreshed!
22/03/2016 09:01:23 [DEBUG] Getting world timings ...
22/03/2016 09:01:23 [DEBUG] Getting plugin timings ...
22/03/2016 09:01:23 [DEBUG] Getting player pings ...
22/03/2016 09:01:23 [DEBUG] Performing garbage collect ...
22/03/2016 09:02:09 [DEBUG] Starting refreshing timings data ...
22/03/2016 09:02:09 [MESSAGE] §7§4||||||||||||||||||||||||||||||||||||||||||||||||||||||||||||||||||||||||||||||||||||||||||||||||||||§r  BackPacks-1.9
22/03/2016 09:02:09 [MESSAGE] §7§a§8|§8|§8|§8|§8|§8|§8|§8|§8|§8|§8|§8|§8|§8|§8|§8|§8|§8|§8|§8|§8|§8|§8|§8|§8|§8|§8|§8|§8|§8|§8|§8|§8|§8|§8|§8|§8|§8|§8|§8|§8|§8|§8|§8|§8|§8|§8|§8|§8|§8|§8|§8|§8|§8|§8|§8|§8|§8|§8|§8|§8|§8|§8|§8|§8|§8|§8|§8|§8|§8|§8|§8|§8|§8|§8|§8|§8|§8|§8|§8|§8|§8|§8|§8|§8|§8|§8|§8|§8|§8|§8|§8|§8|§8|§8|§8|§8|§8|§8|§8|§r  TopLite
22/03/2016 09:02:09 [MESSAGE] §r§8Timed §72§8 plugins for §7153.06s
22/03/2016 09:02:09 [MESSAGE] §8Memory usage: §a297 MB§8 / 989 MB§7 (399 MB allocated)
22/03/2016 09:02:09 [MESSAGE] §8TPS: §a20.0§8  Average TPS: §a20.0
22/03/2016 09:02:09 [MESSAGE] §8Last restart: §722 März 2016 08:59§8  Players: §70§8 / 20
22/03/2016 09:02:09 [DEBUG] Getting player pings ...
22/03/2016 09:02:09 [DEBUG] Server information refreshed!
22/03/2016 09:02:09 [DEBUG] Getting world timings ...
22/03/2016 09:02:09 [DEBUG] Getting plugin timings ...
22/03/2016 09:02:09 [MESSAGE] §r§8§m==================§8[ §9Server Status §8]§m==================
22/03/2016 09:02:09 [DEBUG] Performing garbage collect ...
22/03/2016 09:03:18 [INFO] Loading messages ...
22/03/2016 09:03:18 [DEBUG] 	Adding sub command 'permissions'
22/03/2016 09:03:18 [DEBUG] 	Adding sub command 'about'
22/03/2016 09:03:18 [DEBUG] 	Adding sub command 'resetconfig'
22/03/2016 09:03:18 [DEBUG] 	Adding sub command 'changelog'
22/03/2016 09:03:18 [INFO] Loading language file: lang_en
22/03/2016 09:03:18 [DEBUG] 	Adding sub command 'uploadlog'
22/03/2016 09:03:18 [DEBUG] 	Adding sub command 'uploadconfig'
22/03/2016 09:03:18 [DEBUG] 	Adding sub command 'help'
22/03/2016 09:03:18 [INFO] Adding command 'top'
22/03/2016 09:03:18 [DEBUG] 	Adding sub command 'reload'
22/03/2016 09:03:18 [DEBUG] 	Adding sub command 'plugin'
22/03/2016 09:03:18 [DEBUG] 	Adding sub command 'reset'
22/03/2016 09:03:18 [INFO] Initializing monitors ...
22/03/2016 09:03:31 [DEBUG] Getting plugin timings ...
22/03/2016 09:03:31 [DEBUG] Performing garbage collect ...
22/03/2016 09:03:31 [DEBUG] Starting refreshing timings data ...
22/03/2016 09:03:31 [DEBUG] Getting player pings ...
22/03/2016 09:03:31 [DEBUG] Getting world timings ...
22/03/2016 09:03:31 [DEBUG] Server information refreshed!
22/03/2016 09:03:31 [MESSAGE] §r§8§m==================§8[ §9Server Status §8]§m==================
22/03/2016 09:03:31 [MESSAGE] §7§a|||§8|§8|§8|§8|§8|§8|§8|§8|§8|§8|§8|§8|§8|§8|§8|§8|§8|§8|§8|§8|§8|§8|§8|§8|§8|§8|§8|§8|§8|§8|§8|§8|§8|§8|§8|§8|§8|§8|§8|§8|§8|§8|§8|§8|§8|§8|§8|§8|§8|§8|§8|§8|§8|§8|§8|§8|§8|§8|§8|§8|§8|§8|§8|§8|§8|§8|§8|§8|§8|§8|§8|§8|§8|§8|§8|§8|§8|§8|§8|§8|§8|§8|§8|§8|§8|§8|§8|§8|§8|§8|§8|§8|§8|§8|§8|§8|§8|§r  TopLite
22/03/2016 09:03:31 [MESSAGE] §8Memory usage: §a169 MB§8 / 989 MB§7 (329 MB allocated)
22/03/2016 09:03:31 [MESSAGE] §r§8Timed §73§8 plugins for §713.14s
22/03/2016 09:03:31 [MESSAGE] §7§4|||||||||||||||||||||||||||||||||||||||||||||||||||||||||||||||||||||||||||||||||||||||||||||||||§8|§8|§8|§r  Essentials
22/03/2016 09:03:31 [MESSAGE] §7§a§8|§8|§8|§8|§8|§8|§8|§8|§8|§8|§8|§8|§8|§8|§8|§8|§8|§8|§8|§8|§8|§8|§8|§8|§8|§8|§8|§8|§8|§8|§8|§8|§8|§8|§8|§8|§8|§8|§8|§8|§8|§8|§8|§8|§8|§8|§8|§8|§8|§8|§8|§8|§8|§8|§8|§8|§8|§8|§8|§8|§8|§8|§8|§8|§8|§8|§8|§8|§8|§8|§8|§8|§8|§8|§8|§8|§8|§8|§8|§8|§8|§8|§8|§8|§8|§8|§8|§8|§8|§8|§8|§8|§8|§8|§8|§8|§8|§8|§8|§8|§r  BackPacks-1.9
22/03/2016 09:03:31 [MESSAGE] §8TPS: §a20.0§8  Average TPS: §a20.0
22/03/2016 09:03:31 [MESSAGE] §8Last restart: §722 März 2016 09:03§8  Players: §70§8 / 20
22/03/2016 09:03:40 [DEBUG] Starting refreshing timings data ...
22/03/2016 09:03:40 [DEBUG] Getting plugin timings ...
22/03/2016 09:03:40 [DEBUG] Getting world timings ...
22/03/2016 09:03:40 [DEBUG] Getting player pings ...
22/03/2016 09:03:40 [DEBUG] Performing garbage collect ...
22/03/2016 09:03:40 [DEBUG] Server information refreshed!
22/03/2016 09:08:27 [INFO] Adding command 'top'
22/03/2016 09:08:27 [DEBUG] 	Adding sub command 'reset'
22/03/2016 09:08:27 [DEBUG] 	Adding sub command 'plugin'
22/03/2016 09:08:27 [DEBUG] 	Adding sub command 'reload'
22/03/2016 09:08:27 [INFO] Initializing monitors ...
22/03/2016 09:08:27 [DEBUG] 	Adding sub command 'about'
22/03/2016 09:08:27 [INFO] Loading language file: lang_en
22/03/2016 09:08:27 [DEBUG] 	Adding sub command 'changelog'
22/03/2016 09:08:27 [DEBUG] 	Adding sub command 'resetconfig'
22/03/2016 09:08:27 [DEBUG] 	Adding sub command 'help'
22/03/2016 09:08:27 [DEBUG] 	Adding sub command 'uploadconfig'
22/03/2016 09:08:27 [DEBUG] 	Adding sub command 'permissions'
22/03/2016 09:08:27 [INFO] Loading messages ...
22/03/2016 09:08:27 [DEBUG] 	Adding sub command 'uploadlog'
22/03/2016 09:08:39 [DEBUG] Starting refreshing timings data ...
22/03/2016 09:08:39 [DEBUG] Getting player pings ...
22/03/2016 09:08:39 [DEBUG] Performing garbage collect ...
22/03/2016 09:08:39 [DEBUG] Getting plugin timings ...
22/03/2016 09:08:39 [DEBUG] Getting world timings ...
22/03/2016 09:08:39 [DEBUG] Server information refreshed!
22/03/2016 09:11:39 [INFO] Initializing monitors ...
22/03/2016 09:11:39 [INFO] Adding command 'top'
22/03/2016 09:11:39 [INFO] Loading messages ...
22/03/2016 09:11:39 [DEBUG] 	Adding sub command 'plugin'
22/03/2016 09:11:39 [DEBUG] 	Adding sub command 'reload'
22/03/2016 09:11:39 [DEBUG] 	Adding sub command 'reset'
22/03/2016 09:11:39 [DEBUG] 	Adding sub command 'resetconfig'
22/03/2016 09:11:39 [DEBUG] 	Adding sub command 'about'
22/03/2016 09:11:39 [DEBUG] 	Adding sub command 'changelog'
22/03/2016 09:11:39 [DEBUG] 	Adding sub command 'uploadconfig'
22/03/2016 09:11:39 [DEBUG] 	Adding sub command 'permissions'
22/03/2016 09:11:39 [DEBUG] 	Adding sub command 'help'
22/03/2016 09:11:39 [INFO] Loading language file: lang_en
22/03/2016 09:11:39 [DEBUG] 	Adding sub command 'uploadlog'
22/03/2016 09:12:42 [DEBUG] Starting refreshing timings data ...
22/03/2016 09:12:42 [DEBUG] Getting player pings ...
22/03/2016 09:12:42 [DEBUG] Performing garbage collect ...
22/03/2016 09:12:42 [DEBUG] Getting plugin timings ...
22/03/2016 09:12:42 [DEBUG] Getting world timings ...
22/03/2016 09:12:42 [DEBUG] Server information refreshed!
22/03/2016 09:15:02 [INFO] Loading messages ...
22/03/2016 09:15:02 [INFO] Loading language file: lang_en
22/03/2016 09:15:02 [DEBUG] 	Adding sub command 'uploadconfig'
22/03/2016 09:15:02 [DEBUG] 	Adding sub command 'about'
22/03/2016 09:15:02 [DEBUG] 	Adding sub command 'help'
22/03/2016 09:15:02 [DEBUG] 	Adding sub command 'changelog'
22/03/2016 09:15:02 [DEBUG] 	Adding sub command 'resetconfig'
22/03/2016 09:15:02 [INFO] Adding command 'top'
22/03/2016 09:15:02 [INFO] Initializing monitors ...
22/03/2016 09:15:02 [DEBUG] 	Adding sub command 'reload'
22/03/2016 09:15:02 [DEBUG] 	Adding sub command 'uploadlog'
22/03/2016 09:15:02 [DEBUG] 	Adding sub command 'permissions'
22/03/2016 09:15:02 [DEBUG] 	Adding sub command 'reset'
22/03/2016 09:15:02 [DEBUG] 	Adding sub command 'plugin'
22/03/2016 09:28:35 [DEBUG] 	Adding sub command 'resetconfig'
22/03/2016 09:28:35 [DEBUG] 	Adding sub command 'changelog'
22/03/2016 09:28:35 [INFO] Loading messages ...
22/03/2016 09:28:35 [DEBUG] 	Adding sub command 'uploadconfig'
22/03/2016 09:28:35 [DEBUG] 	Adding sub command 'reload'
22/03/2016 09:28:35 [DEBUG] 	Adding sub command 'uploadlog'
22/03/2016 09:28:35 [DEBUG] 	Adding sub command 'help'
22/03/2016 09:28:35 [INFO] Loading language file: lang_en
22/03/2016 09:28:35 [DEBUG] 	Adding sub command 'permissions'
22/03/2016 09:28:35 [DEBUG] 	Adding sub command 'about'
22/03/2016 09:28:35 [DEBUG] 	Adding sub command 'reset'
22/03/2016 09:28:35 [DEBUG] 	Adding sub command 'plugin'
22/03/2016 09:28:35 [INFO] Adding command 'top'
22/03/2016 09:28:35 [INFO] Initializing monitors ...
22/03/2016 09:29:45 [DEBUG] Starting refreshing timings data ...
22/03/2016 09:29:45 [DEBUG] Getting player pings ...
22/03/2016 09:29:45 [DEBUG] Performing garbage collect ...
22/03/2016 09:29:45 [DEBUG] Getting plugin timings ...
22/03/2016 09:29:45 [DEBUG] Getting world timings ...
22/03/2016 09:29:45 [DEBUG] Server information refreshed!
26/03/2016 15:08:45 [INFO] Loading messages ...
26/03/2016 15:08:45 [INFO] Loading language file: lang_en
26/03/2016 15:08:45 [DEBUG] 	Adding sub command 'help'
26/03/2016 15:08:45 [DEBUG] 	Adding sub command 'reset'
26/03/2016 15:08:45 [DEBUG] 	Adding sub command 'uploadlog'
26/03/2016 15:08:45 [DEBUG] 	Adding sub command 'permissions'
26/03/2016 15:08:45 [DEBUG] 	Adding sub command 'uploadconfig'
26/03/2016 15:08:45 [DEBUG] 	Adding sub command 'resetconfig'
26/03/2016 15:08:45 [DEBUG] 	Adding sub command 'reload'
26/03/2016 15:08:45 [DEBUG] 	Adding sub command 'changelog'
26/03/2016 15:08:45 [INFO] Initializing monitors ...
26/03/2016 15:08:45 [DEBUG] 	Adding sub command 'plugin'
26/03/2016 15:08:45 [DEBUG] 	Adding sub command 'about'
26/03/2016 15:08:45 [INFO] Adding command 'top'
26/03/2016 15:09:28 [DEBUG] 	Adding sub command 'changelog'
26/03/2016 15:09:28 [DEBUG] 	Adding sub command 'resetconfig'
26/03/2016 15:09:28 [DEBUG] 	Adding sub command 'uploadconfig'
26/03/2016 15:09:28 [INFO] Loading messages ...
26/03/2016 15:09:28 [DEBUG] 	Adding sub command 'help'
26/03/2016 15:09:28 [DEBUG] 	Adding sub command 'permissions'
26/03/2016 15:09:28 [DEBUG] 	Adding sub command 'about'
26/03/2016 15:09:28 [DEBUG] 	Adding sub command 'reload'
26/03/2016 15:09:28 [DEBUG] 	Adding sub command 'uploadlog'
26/03/2016 15:09:28 [INFO] Adding command 'top'
26/03/2016 15:09:28 [DEBUG] 	Adding sub command 'reset'
26/03/2016 15:09:28 [DEBUG] 	Adding sub command 'plugin'
26/03/2016 15:09:28 [INFO] Initializing monitors ...
26/03/2016 15:09:28 [INFO] Loading language file: lang_en
26/03/2016 15:13:10 [DEBUG] Starting refreshing timings data ...
26/03/2016 15:13:10 [DEBUG] Performing garbage collect ...
26/03/2016 15:13:10 [DEBUG] Getting player pings ...
26/03/2016 15:13:10 [DEBUG] Getting plugin timings ...
26/03/2016 15:13:10 [DEBUG] Getting world timings ...
26/03/2016 15:13:10 [DEBUG] Server information refreshed!
26/03/2016 16:20:49 [INFO] Loading messages ...
26/03/2016 16:20:49 [DEBUG] 	Adding sub command 'help'
26/03/2016 16:20:49 [DEBUG] 	Adding sub command 'about'
26/03/2016 16:20:49 [DEBUG] 	Adding sub command 'changelog'
26/03/2016 16:20:49 [DEBUG] 	Adding sub command 'permissions'
26/03/2016 16:20:49 [DEBUG] 	Adding sub command 'resetconfig'
26/03/2016 16:20:49 [DEBUG] 	Adding sub command 'plugin'
26/03/2016 16:20:49 [DEBUG] 	Adding sub command 'uploadlog'
26/03/2016 16:20:49 [DEBUG] 	Adding sub command 'uploadconfig'
26/03/2016 16:20:49 [DEBUG] 	Adding sub command 'reload'
26/03/2016 16:20:49 [INFO] Adding command 'top'
26/03/2016 16:20:49 [DEBUG] 	Adding sub command 'reset'
26/03/2016 16:20:49 [INFO] Loading language file: lang_en
26/03/2016 16:20:49 [INFO] Initializing monitors ...
