[16:10:43] [Server thread/INFO]: Starting minecraft server version 1.9
[16:10:43] [Server thread/INFO]: Loading properties
[16:10:43] [Server thread/INFO]: Default game type: SURVIVAL
[16:10:43] [Server thread/INFO]: This server is running CraftBukkit version git-Spigot-d20369f-7fc5cd8 (MC: 1.9) (Implementing API version 1.9-R0.1-SNAPSHOT)
[16:10:43] [Server thread/INFO]: Server Ping Player Sample Count: 12
[16:10:43] [Server thread/INFO]: Using 4 threads for Netty based IO
[16:10:43] [Server thread/INFO]: Debug logging is disabled
[16:10:43] [Server thread/INFO]: Generating keypair
[16:10:43] [Server thread/INFO]: Starting Minecraft server on *:25565
[16:10:43] [Server thread/INFO]: Using epoll channel type
[16:10:43] [Server thread/INFO]: Set PluginClassLoader as parallel capable
[16:10:43] [Server thread/INFO]: [BackPacks-1.9] Loading BackPacks-1.9 v1.2.7-enchantingFix
[16:10:43] [Server thread/INFO]: **** Beginning UUID conversion, this may take A LONG time ****
[16:10:43] [Server thread/INFO]: Preparing level "world"
[16:10:43] [Server thread/INFO]: -------- World Settings For [world] --------
[16:10:43] [Server thread/INFO]: Mob Spawn Range: 4
[16:10:43] [Server thread/INFO]: Nerfing mobs spawned from spawners: false
[16:10:43] [Server thread/INFO]: Cactus Growth Modifier: 100%
[16:10:43] [Server thread/INFO]: Cane Growth Modifier: 100%
[16:10:43] [Server thread/INFO]: Melon Growth Modifier: 100%
[16:10:43] [Server thread/INFO]: Mushroom Growth Modifier: 100%
[16:10:43] [Server thread/INFO]: Pumpkin Growth Modifier: 100%
[16:10:43] [Server thread/INFO]: Sapling Growth Modifier: 100%
[16:10:43] [Server thread/INFO]: Wheat Growth Modifier: 100%
[16:10:43] [Server thread/INFO]: NetherWart Growth Modifier: 100%
[16:10:43] [Server thread/INFO]: Entity Activation Range: An 32 / Mo 32 / Mi 16
[16:10:43] [Server thread/INFO]: Entity Tracking Range: Pl 48 / An 48 / Mo 48 / Mi 32 / Other 64
[16:10:43] [Server thread/INFO]: Hopper Transfer: 8 Hopper Check: 8 Hopper Amount: 1
[16:10:43] [Server thread/INFO]: Random Lighting Updates: false
[16:10:43] [Server thread/INFO]: Structure Info Saving: true
[16:10:43] [Server thread/INFO]: Max Entity Collisions: 8
[16:10:43] [Server thread/INFO]: Custom Map Seeds:  Village: 10387312 Feature: 14357617
[16:10:43] [Server thread/INFO]: Max TNT Explosions: 100
[16:10:43] [Server thread/INFO]: Tile Max Tick Time: 50ms Entity max Tick Time: 50ms
[16:10:43] [Server thread/INFO]: Item Despawn Rate: 6000
[16:10:43] [Server thread/INFO]: Item Merge Radius: 2.5
[16:10:43] [Server thread/INFO]: Arrow Despawn Rate: 1200
[16:10:43] [Server thread/INFO]: Allow Zombie Pigmen to spawn from portal blocks: true
[16:10:43] [Server thread/INFO]: View Distance: 10
[16:10:43] [Server thread/INFO]: Zombie Aggressive Towards Villager: true
[16:10:43] [Server thread/INFO]: Experience Merge Radius: 3.0
[16:10:43] [Server thread/INFO]: -------- World Settings For [world_nether] --------
[16:10:43] [Server thread/INFO]: Mob Spawn Range: 4
[16:10:43] [Server thread/INFO]: Nerfing mobs spawned from spawners: false
[16:10:43] [Server thread/INFO]: Cactus Growth Modifier: 100%
[16:10:43] [Server thread/INFO]: Cane Growth Modifier: 100%
[16:10:43] [Server thread/INFO]: Melon Growth Modifier: 100%
[16:10:43] [Server thread/INFO]: Mushroom Growth Modifier: 100%
[16:10:43] [Server thread/INFO]: Pumpkin Growth Modifier: 100%
[16:10:43] [Server thread/INFO]: Sapling Growth Modifier: 100%
[16:10:43] [Server thread/INFO]: Wheat Growth Modifier: 100%
[16:10:43] [Server thread/INFO]: NetherWart Growth Modifier: 100%
[16:10:43] [Server thread/INFO]: Entity Activation Range: An 32 / Mo 32 / Mi 16
[16:10:43] [Server thread/INFO]: Entity Tracking Range: Pl 48 / An 48 / Mo 48 / Mi 32 / Other 64
[16:10:43] [Server thread/INFO]: Hopper Transfer: 8 Hopper Check: 8 Hopper Amount: 1
[16:10:43] [Server thread/INFO]: Random Lighting Updates: false
[16:10:44] [Server thread/INFO]: Structure Info Saving: true
[16:10:44] [Server thread/INFO]: Max Entity Collisions: 8
[16:10:44] [Server thread/INFO]: Custom Map Seeds:  Village: 10387312 Feature: 14357617
[16:10:44] [Server thread/INFO]: Max TNT Explosions: 100
[16:10:44] [Server thread/INFO]: Tile Max Tick Time: 50ms Entity max Tick Time: 50ms
[16:10:44] [Server thread/INFO]: Item Despawn Rate: 6000
[16:10:44] [Server thread/INFO]: Item Merge Radius: 2.5
[16:10:44] [Server thread/INFO]: Arrow Despawn Rate: 1200
[16:10:44] [Server thread/INFO]: Allow Zombie Pigmen to spawn from portal blocks: true
[16:10:44] [Server thread/INFO]: View Distance: 10
[16:10:44] [Server thread/INFO]: Zombie Aggressive Towards Villager: true
[16:10:44] [Server thread/INFO]: Experience Merge Radius: 3.0
[16:10:44] [Server thread/INFO]: -------- World Settings For [world_the_end] --------
[16:10:44] [Server thread/INFO]: Mob Spawn Range: 4
[16:10:44] [Server thread/INFO]: Nerfing mobs spawned from spawners: false
[16:10:44] [Server thread/INFO]: Cactus Growth Modifier: 100%
[16:10:44] [Server thread/INFO]: Cane Growth Modifier: 100%
[16:10:44] [Server thread/INFO]: Melon Growth Modifier: 100%
[16:10:44] [Server thread/INFO]: Mushroom Growth Modifier: 100%
[16:10:44] [Server thread/INFO]: Pumpkin Growth Modifier: 100%
[16:10:44] [Server thread/INFO]: Sapling Growth Modifier: 100%
[16:10:44] [Server thread/INFO]: Wheat Growth Modifier: 100%
[16:10:44] [Server thread/INFO]: NetherWart Growth Modifier: 100%
[16:10:44] [Server thread/INFO]: Entity Activation Range: An 32 / Mo 32 / Mi 16
[16:10:44] [Server thread/INFO]: Entity Tracking Range: Pl 48 / An 48 / Mo 48 / Mi 32 / Other 64
[16:10:44] [Server thread/INFO]: Hopper Transfer: 8 Hopper Check: 8 Hopper Amount: 1
[16:10:44] [Server thread/INFO]: Random Lighting Updates: false
[16:10:44] [Server thread/INFO]: Structure Info Saving: true
[16:10:44] [Server thread/INFO]: Max Entity Collisions: 8
[16:10:44] [Server thread/INFO]: Custom Map Seeds:  Village: 10387312 Feature: 14357617
[16:10:44] [Server thread/INFO]: Max TNT Explosions: 100
[16:10:44] [Server thread/INFO]: Tile Max Tick Time: 50ms Entity max Tick Time: 50ms
[16:10:44] [Server thread/INFO]: Item Despawn Rate: 6000
[16:10:44] [Server thread/INFO]: Item Merge Radius: 2.5
[16:10:44] [Server thread/INFO]: Arrow Despawn Rate: 1200
[16:10:44] [Server thread/INFO]: Allow Zombie Pigmen to spawn from portal blocks: true
[16:10:44] [Server thread/INFO]: View Distance: 10
[16:10:44] [Server thread/INFO]: Zombie Aggressive Towards Villager: true
[16:10:44] [Server thread/INFO]: Experience Merge Radius: 3.0
[16:10:44] [Server thread/INFO]: Preparing start region for level 0 (Seed: 3784080034973773967)
[16:10:45] [Server thread/INFO]: Preparing spawn area: 32%
[16:10:45] [Server thread/INFO]: Preparing start region for level 1 (Seed: 3784080034973773967)
[16:10:46] [Server thread/INFO]: Preparing spawn area: 61%
[16:10:47] [Server thread/INFO]: Preparing start region for level 2 (Seed: 3784080034973773967)
[16:10:47] [Server thread/INFO]: [BackPacks-1.9] Enabling BackPacks-1.9 v1.2.7-enchantingFix
[16:10:47] [Server thread/INFO]: [0;31;22m[BackPacks] [0;31;1mPlugin enabled![m
[16:10:47] [Server thread/INFO]: Server permissions file permissions.yml is empty, ignoring it
[16:10:47] [Server thread/INFO]: Done (3,759s)! For help, type "help" or "?"
[16:10:59] [User Authenticator #1/INFO]: UUID of player michael1011at is ba9c9caa-1f6c-46b1-9c7a-2ada2a844fd8
[16:11:00] [Server thread/INFO]: michael1011at[/127.0.0.1:59884] logged in with entity id 245 at ([world]-148.47847168481704, 72.0, 19.921637817631726)
[16:11:23] [Server thread/INFO]: michael1011at lost connection: Disconnected
[16:11:23] [Server thread/INFO]: michael1011at left the game.
[16:11:28] [Server thread/INFO]: Stopping the server
[16:11:28] [Server thread/INFO]: Stopping server
[16:11:28] [Server thread/INFO]: [BackPacks-1.9] Disabling BackPacks-1.9 v1.2.7-enchantingFix
[16:11:28] [Server thread/INFO]: [0;31;22m[BackPacks] [0;31;1mPlugin disabled![m
[16:11:28] [Server thread/INFO]: Saving players
[16:11:28] [Server thread/INFO]: Saving worlds
[16:11:28] [Server thread/INFO]: Saving chunks for level 'world'/Overworld
[16:11:28] [Server thread/INFO]: Saving chunks for level 'world_nether'/Nether
[16:11:28] [Server thread/INFO]: Saving chunks for level 'world_the_end'/The End
